<?xml version="1.0" encoding="UTF-8"?>
<!-- Generated by org.testng.reporters.JUnitXMLReporter -->
<testsuite hostname="MacBook15.local" ignored="0" name="Surefire test" tests="2" failures="0" timestamp="2021-07-11T09:31:52 EDT" time="78.948" errors="0">
  <testcase name="loginValidation" time="19.842" classname="com.PRregressionSuite.TestScripts_PR_Regression"/>
  <testcase name="makeInOfficeAppointmentValidation" time="15.593" classname="com.PRregressionSuite.TestScripts_PR_Regression"/>
</testsuite> <!-- Surefire test -->
