<?xml version="1.0" encoding="UTF-8"?>
<testng-results skipped="0" failed="0" ignored="0" total="2" passed="2">
  <reporter-output>
  </reporter-output>
  <suite name="Surefire suite" duration-ms="78948" started-at="2021-07-11T09:30:33 EDT" finished-at="2021-07-11T09:31:52 EDT">
    <groups>
    </groups>
    <test name="Surefire test" duration-ms="78948" started-at="2021-07-11T09:30:33 EDT" finished-at="2021-07-11T09:31:52 EDT">
      <class name="com.PRregressionSuite.TestScripts_PR_Regression">
        <test-method status="PASS" signature="setUpSuite()[pri:0, instance:com.PRregressionSuite.TestScripts_PR_Regression@ae45eb6]" name="setUpSuite" is-config="true" duration-ms="65" started-at="2021-07-11T09:30:33 EDT" finished-at="2021-07-11T09:30:33 EDT">
          <reporter-output>
          </reporter-output>
        </test-method> <!-- setUpSuite -->
        <test-method status="PASS" signature="StartBrowser()[pri:0, instance:com.PRregressionSuite.TestScripts_PR_Regression@ae45eb6]" name="StartBrowser" is-config="true" duration-ms="41964" started-at="2021-07-11T09:30:33 EDT" finished-at="2021-07-11T09:31:15 EDT">
          <reporter-output>
          </reporter-output>
        </test-method> <!-- StartBrowser -->
        <test-method status="PASS" signature="loginValidation(java.lang.String, java.lang.String)[pri:0, instance:com.PRregressionSuite.TestScripts_PR_Regression@ae45eb6]" name="loginValidation" duration-ms="19842" started-at="2021-07-11T09:31:16 EDT" data-provider="getLoginTestData" finished-at="2021-07-11T09:31:36 EDT">
          <params>
            <param index="0">
              <value>
                <![CDATA[akhtersalma68@gmail.com]]>
              </value>
            </param>
            <param index="1">
              <value>
                <![CDATA[SanjidHasan04$]]>
              </value>
            </param>
          </params>
          <reporter-output>
          </reporter-output>
        </test-method> <!-- loginValidation -->
        <test-method status="PASS" signature="tearDownMethod(org.testng.ITestResult)[pri:0, instance:com.PRregressionSuite.TestScripts_PR_Regression@ae45eb6]" name="tearDownMethod" is-config="true" duration-ms="1" started-at="2021-07-11T09:31:36 EDT" finished-at="2021-07-11T09:31:36 EDT">
          <params>
            <param index="0">
              <value>
                <![CDATA[[TestResult name=loginValidation status=SUCCESS method=TestScripts_PR_Regression.loginValidation(java.lang.String, java.lang.String)[pri:0, instance:com.PRregressionSuite.TestScripts_PR_Regression@ae45eb6] output={null}]]]>
              </value>
            </param>
          </params>
          <reporter-output>
          </reporter-output>
        </test-method> <!-- tearDownMethod -->
        <test-method status="PASS" signature="makeInOfficeAppointmentValidation()[pri:1, instance:com.PRregressionSuite.TestScripts_PR_Regression@ae45eb6]" name="makeInOfficeAppointmentValidation" duration-ms="15593" started-at="2021-07-11T09:31:36 EDT" finished-at="2021-07-11T09:31:51 EDT">
          <reporter-output>
          </reporter-output>
        </test-method> <!-- makeInOfficeAppointmentValidation -->
        <test-method status="PASS" signature="tearDownMethod(org.testng.ITestResult)[pri:0, instance:com.PRregressionSuite.TestScripts_PR_Regression@ae45eb6]" name="tearDownMethod" is-config="true" duration-ms="0" started-at="2021-07-11T09:31:51 EDT" finished-at="2021-07-11T09:31:51 EDT">
          <params>
            <param index="0">
              <value>
                <![CDATA[[TestResult name=makeInOfficeAppointmentValidation status=SUCCESS method=TestScripts_PR_Regression.makeInOfficeAppointmentValidation()[pri:1, instance:com.PRregressionSuite.TestScripts_PR_Regression@ae45eb6] output={null}]]]>
              </value>
            </param>
          </params>
          <reporter-output>
          </reporter-output>
        </test-method> <!-- tearDownMethod -->
        <test-method status="PASS" signature="CloseBrowser()[pri:0, instance:com.PRregressionSuite.TestScripts_PR_Regression@ae45eb6]" name="CloseBrowser" is-config="true" duration-ms="397" started-at="2021-07-11T09:31:51 EDT" finished-at="2021-07-11T09:31:52 EDT">
          <reporter-output>
          </reporter-output>
        </test-method> <!-- CloseBrowser -->
      </class> <!-- com.PRregressionSuite.TestScripts_PR_Regression -->
    </test> <!-- Surefire test -->
  </suite> <!-- Surefire suite -->
</testng-results>
